-------------------------------------------------------------------------------
Test set: TestSuite
-------------------------------------------------------------------------------
Tests run: 2, Failures: 1, Errors: 0, Skipped: 0, Time elapsed: 19.198 s <<< FAILURE! - in TestSuite
ai.iamneo.testing.Testing_Selenium_TestNg.AppTest.TestCase_2  Time elapsed: 7.487 s  <<< FAILURE!
java.lang.AssertionError: expected [PS College] but found [admin.pscollege841.exam.ly]
	at ai.iamneo.testing.Testing_Selenium_TestNg.AppTest.TestCase_2(AppTest.java:36)

